# JRE version: Java(TM) SE Runtime Environment (8.0_181-b13) (build 1.8.0_181-b13)
# Java VM: Java HotSpot(TM) Client VM (25.181-b13 mixed mode windows-x86 )
Heap:
 def new generation   total 12736K, used 3236K [0x04c00000, 0x059d0000, 0x0a150000)
  eden space 11328K,  28% used [0x04c00000, 0x04f1ae00, 0x05710000)
  from space 1408K,   4% used [0x05870000, 0x0587e4b0, 0x059d0000)
  to   space 1408K,   0% used [0x05710000, 0x05710000, 0x05870000)
 tenured generation   total 28144K, used 22664K [0x0a150000, 0x0bccc000, 0x14c00000)
   the space 28144K,  80% used [0x0a150000, 0x0b7723f8, 0x0b772400, 0x0bccc000)
 Metaspace       used 26634K, capacity 27674K, committed 27776K, reserved 28032K
GC Heap History (10 events):
Event: 1706.042 GC heap before
{Heap before GC invocations=136 (full 3):
 def new generation   total 12736K, used 11385K [0x04c00000, 0x059d0000, 0x0a150000)
  eden space 11328K, 100% used [0x04c00000, 0x05710000, 0x05710000)
  from space 1408K,   4% used [0x05710000, 0x0571e618, 0x05870000)
  to   space 1408K,   0% used [0x05870000, 0x05870000, 0x059d0000)
 tenured generation   total 28144K, used 22664K [0x0a150000, 0x0bccc000, 0x14c00000)
   the space 28144K,  80% used [0x0a150000, 0x0b7723f8, 0x0b772400, 0x0bccc000)
 Metaspace       used 26634K, capacity 27674K, committed 27776K, reserved 28032K
Event: 1706.045 GC heap after
Heap after GC invocations=137 (full 3):
 def new generation   total 12736K, used 57K [0x04c00000, 0x059d0000, 0x0a150000)
  eden space 11328K,   0% used [0x04c00000, 0x04c00000, 0x05710000)
  from space 1408K,   4% used [0x05870000, 0x0587e4b0, 0x059d0000)
  to   space 1408K,   0% used [0x05710000, 0x05710000, 0x05870000)
 tenured generation   total 28144K, used 22664K [0x0a150000, 0x0bccc000, 0x14c00000)
   the space 28144K,  80% used [0x0a150000, 0x0b7723f8, 0x0b772400, 0x0bccc000)
 Metaspace       used 26634K, capacity 27674K, committed 27776K, reserved 28032K
}
Event: 1738.067 GC heap before
{Heap before GC invocations=137 (full 3):
 def new generation   total 12736K, used 11385K [0x04c00000, 0x059d0000, 0x0a150000)
  eden space 11328K, 100% used [0x04c00000, 0x05710000, 0x05710000)
  from space 1408K,   4% used [0x05870000, 0x0587e4b0, 0x059d0000)
  to   space 1408K,   0% used [0x05710000, 0x05710000, 0x05870000)
 tenured generation   total 28144K, used 22664K [0x0a150000, 0x0bccc000, 0x14c00000)
   the space 28144K,  80% used [0x0a150000, 0x0b7723f8, 0x0b772400, 0x0bccc000)
 Metaspace       used 26634K, capacity 27674K, committed 27776K, reserved 28032K
Event: 1738.069 GC heap after
Heap after GC invocations=138 (full 3):
 def new generation   total 12736K, used 48K [0x04c00000, 0x059d0000, 0x0a150000)
  eden space 11328K,   0% used [0x04c00000, 0x04c00000, 0x05710000)
  from space 1408K,   3% used [0x05710000, 0x0571c220, 0x05870000)
  to   space 1408K,   0% used [0x05870000, 0x05870000, 0x059d0000)
 tenured generation   total 28144K, used 22664K [0x0a150000, 0x0bccc000, 0x14c00000)
   the space 28144K,  80% used [0x0a150000, 0x0b7723f8, 0x0b772400, 0x0bccc000)
 Metaspace       used 26634K, capacity 27674K, committed 27776K, reserved 28032K
}
Event: 1770.700 GC heap before
{Heap before GC invocations=138 (full 3):
 def new generation   total 12736K, used 11376K [0x04c00000, 0x059d0000, 0x0a150000)
  eden space 11328K, 100% used [0x04c00000, 0x05710000, 0x05710000)
  from space 1408K,   3% used [0x05710000, 0x0571c220, 0x05870000)
  to   space 1408K,   0% used [0x05870000, 0x05870000, 0x059d0000)
 tenured generation   total 28144K, used 22664K [0x0a150000, 0x0bccc000, 0x14c00000)
   the space 28144K,  80% used [0x0a150000, 0x0b7723f8, 0x0b772400, 0x0bccc000)
 Metaspace       used 26634K, capacity 27674K, committed 27776K, reserved 28032K
Event: 1770.702 GC heap after
Heap after GC invocations=139 (full 3):
 def new generation   total 12736K, used 57K [0x04c00000, 0x059d0000, 0x0a150000)
  eden space 11328K,   0% used [0x04c00000, 0x04c00000, 0x05710000)
  from space 1408K,   4% used [0x05870000, 0x0587e7e8, 0x059d0000)
  to   space 1408K,   0% used [0x05710000, 0x05710000, 0x05870000)
 tenured generation   total 28144K, used 22664K [0x0a150000, 0x0bccc000, 0x14c00000)
   the space 28144K,  80% used [0x0a150000, 0x0b7723f8, 0x0b772400, 0x0bccc000)
 Metaspace       used 26634K, capacity 27674K, committed 27776K, reserved 28032K
}
Event: 1803.030 GC heap before
{Heap before GC invocations=139 (full 3):
 def new generation   total 12736K, used 11385K [0x04c00000, 0x059d0000, 0x0a150000)
  eden space 11328K, 100% used [0x04c00000, 0x05710000, 0x05710000)
  from space 1408K,   4% used [0x05870000, 0x0587e7e8, 0x059d0000)
  to   space 1408K,   0% used [0x05710000, 0x05710000, 0x05870000)
 tenured generation   total 28144K, used 22664K [0x0a150000, 0x0bccc000, 0x14c00000)
   the space 28144K,  80% used [0x0a150000, 0x0b7723f8, 0x0b772400, 0x0bccc000)
 Metaspace       used 26634K, capacity 27674K, committed 27776K, reserved 28032K
Event: 1803.035 GC heap after
Heap after GC invocations=140 (full 3):
 def new generation   total 12736K, used 57K [0x04c00000, 0x059d0000, 0x0a150000)
  eden space 11328K,   0% used [0x04c00000, 0x04c00000, 0x05710000)
  from space 1408K,   4% used [0x05710000, 0x0571e660, 0x05870000)
  to   space 1408K,   0% used [0x05870000, 0x05870000, 0x059d0000)
 tenured generation   total 28144K, used 22664K [0x0a150000, 0x0bccc000, 0x14c00000)
   the space 28144K,  80% used [0x0a150000, 0x0b7723f8, 0x0b772400, 0x0bccc000)
 Metaspace       used 26634K, capacity 27674K, committed 27776K, reserved 28032K
}
Event: 1835.213 GC heap before
{Heap before GC invocations=140 (full 3):
 def new generation   total 12736K, used 11385K [0x04c00000, 0x059d0000, 0x0a150000)
  eden space 11328K, 100% used [0x04c00000, 0x05710000, 0x05710000)
  from space 1408K,   4% used [0x05710000, 0x0571e660, 0x05870000)
  to   space 1408K,   0% used [0x05870000, 0x05870000, 0x059d0000)
 tenured generation   total 28144K, used 22664K [0x0a150000, 0x0bccc000, 0x14c00000)
   the space 28144K,  80% used [0x0a150000, 0x0b7723f8, 0x0b772400, 0x0bccc000)
 Metaspace       used 26634K, capacity 27674K, committed 27776K, reserved 28032K
Event: 1835.215 GC heap after
Heap after GC invocations=141 (full 3):
 def new generation   total 12736K, used 57K [0x04c00000, 0x059d0000, 0x0a150000)
  eden space 11328K,   0% used [0x04c00000, 0x04c00000, 0x05710000)
  from space 1408K,   4% used [0x05870000, 0x0587e4b0, 0x059d0000)
  to   space 1408K,   0% used [0x05710000, 0x05710000, 0x05870000)
 tenured generation   total 28144K, used 22664K [0x0a150000, 0x0bccc000, 0x14c00000)
   the space 28144K,  80% used [0x0a150000, 0x0b7723f8, 0x0b772400, 0x0bccc000)
 Metaspace       used 26634K, capacity 27674K, committed 27776K, reserved 28032K
}

