# JRE version: Java(TM) SE Runtime Environment (8.0_181-b13) (build 1.8.0_181-b13)
# Java VM: Java HotSpot(TM) Client VM (25.181-b13 mixed mode windows-x86 )
Heap:
 def new generation   total 12288K, used 6815K [0x04200000, 0x04f50000, 0x09750000)
  eden space 10944K,  61% used [0x04200000, 0x04893d48, 0x04cb0000)
  from space 1344K,   5% used [0x04e00000, 0x04e140d0, 0x04f50000)
  to   space 1344K,   0% used [0x04cb0000, 0x04cb0000, 0x04e00000)
 tenured generation   total 27124K, used 23838K [0x09750000, 0x0b1cd000, 0x14200000)
   the space 27124K,  87% used [0x09750000, 0x0ae97aa8, 0x0ae97c00, 0x0b1cd000)
 Metaspace       used 26858K, capacity 27921K, committed 28032K, reserved 28032K
GC Heap History (10 events):
Event: 2163.439 GC heap before
{Heap before GC invocations=176 (full 4):
 def new generation   total 12288K, used 11024K [0x04200000, 0x04f50000, 0x09750000)
  eden space 10944K, 100% used [0x04200000, 0x04cb0000, 0x04cb0000)
  from space 1344K,   5% used [0x04cb0000, 0x04cc4160, 0x04e00000)
  to   space 1344K,   0% used [0x04e00000, 0x04e00000, 0x04f50000)
 tenured generation   total 27124K, used 23838K [0x09750000, 0x0b1cd000, 0x14200000)
   the space 27124K,  87% used [0x09750000, 0x0ae97aa8, 0x0ae97c00, 0x0b1cd000)
 Metaspace       used 26858K, capacity 27921K, committed 28032K, reserved 28032K
Event: 2163.443 GC heap after
Heap after GC invocations=177 (full 4):
 def new generation   total 12288K, used 85K [0x04200000, 0x04f50000, 0x09750000)
  eden space 10944K,   0% used [0x04200000, 0x04200000, 0x04cb0000)
  from space 1344K,   6% used [0x04e00000, 0x04e154c0, 0x04f50000)
  to   space 1344K,   0% used [0x04cb0000, 0x04cb0000, 0x04e00000)
 tenured generation   total 27124K, used 23838K [0x09750000, 0x0b1cd000, 0x14200000)
   the space 27124K,  87% used [0x09750000, 0x0ae97aa8, 0x0ae97c00, 0x0b1cd000)
 Metaspace       used 26858K, capacity 27921K, committed 28032K, reserved 28032K
}
Event: 2183.039 GC heap before
{Heap before GC invocations=177 (full 4):
 def new generation   total 12288K, used 11029K [0x04200000, 0x04f50000, 0x09750000)
  eden space 10944K, 100% used [0x04200000, 0x04cb0000, 0x04cb0000)
  from space 1344K,   6% used [0x04e00000, 0x04e154c0, 0x04f50000)
  to   space 1344K,   0% used [0x04cb0000, 0x04cb0000, 0x04e00000)
 tenured generation   total 27124K, used 23838K [0x09750000, 0x0b1cd000, 0x14200000)
   the space 27124K,  87% used [0x09750000, 0x0ae97aa8, 0x0ae97c00, 0x0b1cd000)
 Metaspace       used 26858K, capacity 27921K, committed 28032K, reserved 28032K
Event: 2183.043 GC heap after
Heap after GC invocations=178 (full 4):
 def new generation   total 12288K, used 42K [0x04200000, 0x04f50000, 0x09750000)
  eden space 10944K,   0% used [0x04200000, 0x04200000, 0x04cb0000)
  from space 1344K,   3% used [0x04cb0000, 0x04cbaa78, 0x04e00000)
  to   space 1344K,   0% used [0x04e00000, 0x04e00000, 0x04f50000)
 tenured generation   total 27124K, used 23838K [0x09750000, 0x0b1cd000, 0x14200000)
   the space 27124K,  87% used [0x09750000, 0x0ae97aa8, 0x0ae97c00, 0x0b1cd000)
 Metaspace       used 26858K, capacity 27921K, committed 28032K, reserved 28032K
}
Event: 2203.091 GC heap before
{Heap before GC invocations=178 (full 4):
 def new generation   total 12288K, used 10986K [0x04200000, 0x04f50000, 0x09750000)
  eden space 10944K, 100% used [0x04200000, 0x04cb0000, 0x04cb0000)
  from space 1344K,   3% used [0x04cb0000, 0x04cbaa78, 0x04e00000)
  to   space 1344K,   0% used [0x04e00000, 0x04e00000, 0x04f50000)
 tenured generation   total 27124K, used 23838K [0x09750000, 0x0b1cd000, 0x14200000)
   the space 27124K,  87% used [0x09750000, 0x0ae97aa8, 0x0ae97c00, 0x0b1cd000)
 Metaspace       used 26858K, capacity 27921K, committed 28032K, reserved 28032K
Event: 2203.093 GC heap after
Heap after GC invocations=179 (full 4):
 def new generation   total 12288K, used 11K [0x04200000, 0x04f50000, 0x09750000)
  eden space 10944K,   0% used [0x04200000, 0x04200000, 0x04cb0000)
  from space 1344K,   0% used [0x04e00000, 0x04e02eb0, 0x04f50000)
  to   space 1344K,   0% used [0x04cb0000, 0x04cb0000, 0x04e00000)
 tenured generation   total 27124K, used 23838K [0x09750000, 0x0b1cd000, 0x14200000)
   the space 27124K,  87% used [0x09750000, 0x0ae97aa8, 0x0ae97c00, 0x0b1cd000)
 Metaspace       used 26858K, capacity 27921K, committed 28032K, reserved 28032K
}
Event: 2222.678 GC heap before
{Heap before GC invocations=179 (full 4):
 def new generation   total 12288K, used 10955K [0x04200000, 0x04f50000, 0x09750000)
  eden space 10944K, 100% used [0x04200000, 0x04cb0000, 0x04cb0000)
  from space 1344K,   0% used [0x04e00000, 0x04e02eb0, 0x04f50000)
  to   space 1344K,   0% used [0x04cb0000, 0x04cb0000, 0x04e00000)
 tenured generation   total 27124K, used 23838K [0x09750000, 0x0b1cd000, 0x14200000)
   the space 27124K,  87% used [0x09750000, 0x0ae97aa8, 0x0ae97c00, 0x0b1cd000)
 Metaspace       used 26858K, capacity 27921K, committed 28032K, reserved 28032K
Event: 2222.680 GC heap after
Heap after GC invocations=180 (full 4):
 def new generation   total 12288K, used 48K [0x04200000, 0x04f50000, 0x09750000)
  eden space 10944K,   0% used [0x04200000, 0x04200000, 0x04cb0000)
  from space 1344K,   3% used [0x04cb0000, 0x04cbc3c8, 0x04e00000)
  to   space 1344K,   0% used [0x04e00000, 0x04e00000, 0x04f50000)
 tenured generation   total 27124K, used 23838K [0x09750000, 0x0b1cd000, 0x14200000)
   the space 27124K,  87% used [0x09750000, 0x0ae97aa8, 0x0ae97c00, 0x0b1cd000)
 Metaspace       used 26858K, capacity 27921K, committed 28032K, reserved 28032K
}
Event: 2242.263 GC heap before
{Heap before GC invocations=180 (full 4):
 def new generation   total 12288K, used 10992K [0x04200000, 0x04f50000, 0x09750000)
  eden space 10944K, 100% used [0x04200000, 0x04cb0000, 0x04cb0000)
  from space 1344K,   3% used [0x04cb0000, 0x04cbc3c8, 0x04e00000)
  to   space 1344K,   0% used [0x04e00000, 0x04e00000, 0x04f50000)
 tenured generation   total 27124K, used 23838K [0x09750000, 0x0b1cd000, 0x14200000)
   the space 27124K,  87% used [0x09750000, 0x0ae97aa8, 0x0ae97c00, 0x0b1cd000)
 Metaspace       used 26858K, capacity 27921K, committed 28032K, reserved 28032K
Event: 2242.265 GC heap after
Heap after GC invocations=181 (full 4):
 def new generation   total 12288K, used 80K [0x04200000, 0x04f50000, 0x09750000)
  eden space 10944K,   0% used [0x04200000, 0x04200000, 0x04cb0000)
  from space 1344K,   5% used [0x04e00000, 0x04e140d0, 0x04f50000)
  to   space 1344K,   0% used [0x04cb0000, 0x04cb0000, 0x04e00000)
 tenured generation   total 27124K, used 23838K [0x09750000, 0x0b1cd000, 0x14200000)
   the space 27124K,  87% used [0x09750000, 0x0ae97aa8, 0x0ae97c00, 0x0b1cd000)
 Metaspace       used 26858K, capacity 27921K, committed 28032K, reserved 28032K
}

