# JRE version: Java(TM) SE Runtime Environment (8.0_181-b13) (build 1.8.0_181-b13)
# Java VM: Java HotSpot(TM) Client VM (25.181-b13 mixed mode windows-x86 )
Heap:
 def new generation   total 12224K, used 5666K [0x04600000, 0x05340000, 0x09b50000)
  eden space 10880K,  52% used [0x04600000, 0x04b88a70, 0x050a0000)
  from space 1344K,   0% used [0x050a0000, 0x050a0048, 0x051f0000)
  to   space 1344K,   0% used [0x051f0000, 0x051f0000, 0x05340000)
 tenured generation   total 27028K, used 22528K [0x09b50000, 0x0b5b5000, 0x14600000)
   the space 27028K,  83% used [0x09b50000, 0x0b150050, 0x0b150200, 0x0b5b5000)
 Metaspace       used 26629K, capacity 27650K, committed 27776K, reserved 28032K
GC Heap History (10 events):
Event: 85489.485 GC heap before
{Heap before GC invocations=1036 (full 3):
 def new generation   total 12224K, used 10903K [0x04600000, 0x05340000, 0x09b50000)
  eden space 10880K, 100% used [0x04600000, 0x050a0000, 0x050a0000)
  from space 1344K,   1% used [0x051f0000, 0x051f5e60, 0x05340000)
  to   space 1344K,   0% used [0x050a0000, 0x050a0000, 0x051f0000)
 tenured generation   total 27028K, used 22528K [0x09b50000, 0x0b5b5000, 0x14600000)
   the space 27028K,  83% used [0x09b50000, 0x0b150050, 0x0b150200, 0x0b5b5000)
 Metaspace       used 26629K, capacity 27650K, committed 27776K, reserved 28032K
Event: 85489.491 GC heap after
Heap after GC invocations=1037 (full 3):
 def new generation   total 12224K, used 1K [0x04600000, 0x05340000, 0x09b50000)
  eden space 10880K,   0% used [0x04600000, 0x04600000, 0x050a0000)
  from space 1344K,   0% used [0x050a0000, 0x050a0788, 0x051f0000)
  to   space 1344K,   0% used [0x051f0000, 0x051f0000, 0x05340000)
 tenured generation   total 27028K, used 22528K [0x09b50000, 0x0b5b5000, 0x14600000)
   the space 27028K,  83% used [0x09b50000, 0x0b150050, 0x0b150200, 0x0b5b5000)
 Metaspace       used 26629K, capacity 27650K, committed 27776K, reserved 28032K
}
Event: 85524.264 GC heap before
{Heap before GC invocations=1037 (full 3):
 def new generation   total 12224K, used 10881K [0x04600000, 0x05340000, 0x09b50000)
  eden space 10880K, 100% used [0x04600000, 0x050a0000, 0x050a0000)
  from space 1344K,   0% used [0x050a0000, 0x050a0788, 0x051f0000)
  to   space 1344K,   0% used [0x051f0000, 0x051f0000, 0x05340000)
 tenured generation   total 27028K, used 22528K [0x09b50000, 0x0b5b5000, 0x14600000)
   the space 27028K,  83% used [0x09b50000, 0x0b150050, 0x0b150200, 0x0b5b5000)
 Metaspace       used 26629K, capacity 27650K, committed 27776K, reserved 28032K
Event: 85524.265 GC heap after
Heap after GC invocations=1038 (full 3):
 def new generation   total 12224K, used 24K [0x04600000, 0x05340000, 0x09b50000)
  eden space 10880K,   0% used [0x04600000, 0x04600000, 0x050a0000)
  from space 1344K,   1% used [0x051f0000, 0x051f6350, 0x05340000)
  to   space 1344K,   0% used [0x050a0000, 0x050a0000, 0x051f0000)
 tenured generation   total 27028K, used 22528K [0x09b50000, 0x0b5b5000, 0x14600000)
   the space 27028K,  83% used [0x09b50000, 0x0b150050, 0x0b150200, 0x0b5b5000)
 Metaspace       used 26629K, capacity 27650K, committed 27776K, reserved 28032K
}
Event: 85558.832 GC heap before
{Heap before GC invocations=1038 (full 3):
 def new generation   total 12224K, used 10904K [0x04600000, 0x05340000, 0x09b50000)
  eden space 10880K, 100% used [0x04600000, 0x050a0000, 0x050a0000)
  from space 1344K,   1% used [0x051f0000, 0x051f6350, 0x05340000)
  to   space 1344K,   0% used [0x050a0000, 0x050a0000, 0x051f0000)
 tenured generation   total 27028K, used 22528K [0x09b50000, 0x0b5b5000, 0x14600000)
   the space 27028K,  83% used [0x09b50000, 0x0b150050, 0x0b150200, 0x0b5b5000)
 Metaspace       used 26629K, capacity 27650K, committed 27776K, reserved 28032K
Event: 85558.834 GC heap after
Heap after GC invocations=1039 (full 3):
 def new generation   total 12224K, used 47K [0x04600000, 0x05340000, 0x09b50000)
  eden space 10880K,   0% used [0x04600000, 0x04600000, 0x050a0000)
  from space 1344K,   3% used [0x050a0000, 0x050abc50, 0x051f0000)
  to   space 1344K,   0% used [0x051f0000, 0x051f0000, 0x05340000)
 tenured generation   total 27028K, used 22528K [0x09b50000, 0x0b5b5000, 0x14600000)
   the space 27028K,  83% used [0x09b50000, 0x0b150050, 0x0b150200, 0x0b5b5000)
 Metaspace       used 26629K, capacity 27650K, committed 27776K, reserved 28032K
}
Event: 85594.185 GC heap before
{Heap before GC invocations=1039 (full 3):
 def new generation   total 12224K, used 10927K [0x04600000, 0x05340000, 0x09b50000)
  eden space 10880K, 100% used [0x04600000, 0x050a0000, 0x050a0000)
  from space 1344K,   3% used [0x050a0000, 0x050abc50, 0x051f0000)
  to   space 1344K,   0% used [0x051f0000, 0x051f0000, 0x05340000)
 tenured generation   total 27028K, used 22528K [0x09b50000, 0x0b5b5000, 0x14600000)
   the space 27028K,  83% used [0x09b50000, 0x0b150050, 0x0b150200, 0x0b5b5000)
 Metaspace       used 26629K, capacity 27650K, committed 27776K, reserved 28032K
Event: 85594.190 GC heap after
Heap after GC invocations=1040 (full 3):
 def new generation   total 12224K, used 50K [0x04600000, 0x05340000, 0x09b50000)
  eden space 10880K,   0% used [0x04600000, 0x04600000, 0x050a0000)
  from space 1344K,   3% used [0x051f0000, 0x051fcb10, 0x05340000)
  to   space 1344K,   0% used [0x050a0000, 0x050a0000, 0x051f0000)
 tenured generation   total 27028K, used 22528K [0x09b50000, 0x0b5b5000, 0x14600000)
   the space 27028K,  83% used [0x09b50000, 0x0b150050, 0x0b150200, 0x0b5b5000)
 Metaspace       used 26629K, capacity 27650K, committed 27776K, reserved 28032K
}
Event: 85629.492 GC heap before
{Heap before GC invocations=1040 (full 3):
 def new generation   total 12224K, used 10930K [0x04600000, 0x05340000, 0x09b50000)
  eden space 10880K, 100% used [0x04600000, 0x050a0000, 0x050a0000)
  from space 1344K,   3% used [0x051f0000, 0x051fcb10, 0x05340000)
  to   space 1344K,   0% used [0x050a0000, 0x050a0000, 0x051f0000)
 tenured generation   total 27028K, used 22528K [0x09b50000, 0x0b5b5000, 0x14600000)
   the space 27028K,  83% used [0x09b50000, 0x0b150050, 0x0b150200, 0x0b5b5000)
 Metaspace       used 26629K, capacity 27650K, committed 27776K, reserved 28032K
Event: 85629.495 GC heap after
Heap after GC invocations=1041 (full 3):
 def new generation   total 12224K, used 0K [0x04600000, 0x05340000, 0x09b50000)
  eden space 10880K,   0% used [0x04600000, 0x04600000, 0x050a0000)
  from space 1344K,   0% used [0x050a0000, 0x050a0048, 0x051f0000)
  to   space 1344K,   0% used [0x051f0000, 0x051f0000, 0x05340000)
 tenured generation   total 27028K, used 22528K [0x09b50000, 0x0b5b5000, 0x14600000)
   the space 27028K,  83% used [0x09b50000, 0x0b150050, 0x0b150200, 0x0b5b5000)
 Metaspace       used 26629K, capacity 27650K, committed 27776K, reserved 28032K
}

