-------------------------------------------------------------------------------
Test set: com.avatech.edi.codegen.service.imp.project.repository.RepositoryProjectServiceTest
-------------------------------------------------------------------------------
Tests run: 1, Failures: 0, Errors: 1, Skipped: 0, Time elapsed: 0.004 s <<< FAILURE! - in com.avatech.edi.codegen.service.imp.project.repository.RepositoryProjectServiceTest
createProject(com.avatech.edi.codegen.service.imp.project.repository.RepositoryProjectServiceTest)  Time elapsed: 0 s  <<< ERROR!
java.lang.NullPointerException
	at com.avatech.edi.codegen.service.imp.project.repository.RepositoryProjectServiceTest.createProject(RepositoryProjectServiceTest.java:70)

