<?xml version="1.0" encoding="UTF-8"?>
<testsuite xmlns:xsi="http://www.w3.org/2001/XMLSchema-instance" xsi:noNamespaceSchemaLocation="https://maven.apache.org/surefire/maven-surefire-plugin/xsd/surefire-test-report.xsd" name="com.avatech.edi.codegen.service.imp.project.controller.ControllerProjectServiceTest" time="0.004" tests="1" errors="1" skipped="0" failures="0">
  <properties>
[...]
</properties>
  <testcase name="createProject" classname="com.avatech.edi.codegen.service.imp.project.controller.ControllerProjectServiceTest" time="0">
    <error type="java.lang.NullPointerException">java.lang.NullPointerException
	at com.avatech.edi.codegen.service.imp.project.controller.ControllerProjectServiceTest.createProject(ControllerProjectServiceTest.java:70)
</error>
  </testcase>
</testsuite>